app/build/intermediates/manifest_merge_blame_file/debug/manifest-merger-blame-debug-report.txt
1<?xml version="1.0" encoding="utf-8"?>
2<manifest xmlns:android="http://schemas.android.com/apk/res/android"
3    package="edu.hkust.cse.phoneAdapter"
4    android:versionCode="1"
5    android:versionName="1.0" >
6
7    <uses-sdk
8        android:minSdkVersion="8"
8-->src\main\AndroidManifest.xml
9        android:targetSdkVersion="8" />
9-->src\main\AndroidManifest.xml
10
11    <uses-permission android:name="android.permission.ACCESS_FINE_LOCATION" />
11-->src\main\AndroidManifest.xml:6:5-95
11-->src\main\AndroidManifest.xml:6:22-76
12    <uses-permission android:name="android.permission.BLUETOOTH" />
12-->src\main\AndroidManifest.xml:7:5-84
12-->src\main\AndroidManifest.xml:7:22-65
13    <uses-permission android:name="android.permission.BLUETOOTH_ADMIN" />
13-->src\main\AndroidManifest.xml:8:5-90
13-->src\main\AndroidManifest.xml:8:22-71
14    <uses-permission android:name="android.permission.WRITE_SETTINGS" />
14-->src\main\AndroidManifest.xml:9:5-89
14-->src\main\AndroidManifest.xml:9:22-70
15    <uses-permission android:name="android.permission.WRITE_EXTERNAL_STORAGE" />
15-->src\main\AndroidManifest.xml:10:5-97
15-->src\main\AndroidManifest.xml:10:22-78
16
17    <application
17-->src\main\AndroidManifest.xml:12:5-31:19
18        android:debuggable="true"
19        android:icon="@drawable/icon"
19-->src\main\AndroidManifest.xml:12:18-47
20        android:label="@string/app_name"
20-->src\main\AndroidManifest.xml:12:48-80
21        android:testOnly="true" >
22        <activity android:name="edu.hkust.cse.phoneAdapter.activity.MainActivity" >
22-->src\main\AndroidManifest.xml:13:9-18:20
22-->src\main\AndroidManifest.xml:13:19-56
23            <intent-filter>
23-->src\main\AndroidManifest.xml:14:10-17:29
24                <action android:name="android.intent.action.MAIN" />
24-->src\main\AndroidManifest.xml:15:17-69
24-->src\main\AndroidManifest.xml:15:25-66
25
26                <category android:name="android.intent.category.LAUNCHER" />
26-->src\main\AndroidManifest.xml:16:17-77
26-->src\main\AndroidManifest.xml:16:27-74
27            </intent-filter>
28        </activity>
29        <activity
29-->src\main\AndroidManifest.xml:19:9-131
30            android:name="edu.hkust.cse.phoneAdapter.activity.CreateProfileActivity"
30-->src\main\AndroidManifest.xml:19:19-65
31            android:label="@string/create_profile_activity_label" />
31-->src\main\AndroidManifest.xml:19:66-119
32        <activity
32-->src\main\AndroidManifest.xml:20:9-125
33            android:name="edu.hkust.cse.phoneAdapter.activity.CreateRuleActivity"
33-->src\main\AndroidManifest.xml:20:19-62
34            android:label="@string/create_rule_activity_label" />
34-->src\main\AndroidManifest.xml:20:63-113
35        <activity
35-->src\main\AndroidManifest.xml:21:9-127
36            android:name="edu.hkust.cse.phoneAdapter.activity.ViewProfileActivity"
36-->src\main\AndroidManifest.xml:21:71-115
37            android:label="@string/view_profile_activity_label" />
37-->src\main\AndroidManifest.xml:21:19-70
38        <activity
38-->src\main\AndroidManifest.xml:22:9-122
39            android:name="edu.hkust.cse.phoneAdapter.activity.ViewRuleActivity"
39-->src\main\AndroidManifest.xml:22:69-110
40            android:label="@string/view_rules_activity_label" />
40-->src\main\AndroidManifest.xml:22:19-68
41        <activity
41-->src\main\AndroidManifest.xml:23:9-127
42            android:name="edu.hkust.cse.phoneAdapter.activity.EditProfileActivity"
42-->src\main\AndroidManifest.xml:23:71-115
43            android:label="@string/edit_profile_activity_label" />
43-->src\main\AndroidManifest.xml:23:19-70
44        <activity
44-->src\main\AndroidManifest.xml:24:9-121
45            android:name="edu.hkust.cse.phoneAdapter.activity.EditRuleActivity"
45-->src\main\AndroidManifest.xml:24:68-109
46            android:label="@string/edit_rule_activity_label" />
46-->src\main\AndroidManifest.xml:24:19-67
47        <activity
47-->src\main\AndroidManifest.xml:25:9-129
48            android:name="edu.hkust.cse.phoneAdapter.activity.CreateFilterActivity"
48-->src\main\AndroidManifest.xml:25:19-64
49            android:label="@string/create_filter_activity_label" />
49-->src\main\AndroidManifest.xml:25:65-117
50        <activity
50-->src\main\AndroidManifest.xml:26:9-125
51            android:name="edu.hkust.cse.phoneAdapter.activity.EditFilterActivity"
51-->src\main\AndroidManifest.xml:26:19-62
52            android:label="@string/edit_filter_activity_label" />
52-->src\main\AndroidManifest.xml:26:63-113
53        <activity
53-->src\main\AndroidManifest.xml:27:9-148
54            android:name="edu.hkust.cse.phoneAdapter.activity.CreateContextConstantActivity"
54-->src\main\AndroidManifest.xml:27:19-73
55            android:label="@string/create_context_constant_activity_label" />
55-->src\main\AndroidManifest.xml:27:74-136
56        <activity
56-->src\main\AndroidManifest.xml:28:9-135
57            android:name="edu.hkust.cse.phoneAdapter.activity.SearchAndSaveBTDevice"
57-->src\main\AndroidManifest.xml:28:77-123
58            android:label="@string/search_save_device_activity_label" />
58-->src\main\AndroidManifest.xml:28:19-76
59
60        <service android:name="edu.hkust.cse.phoneAdapter.context.ContextManager" />
60-->src\main\AndroidManifest.xml:29:9-67
60-->src\main\AndroidManifest.xml:29:18-56
61        <service android:name="edu.hkust.cse.phoneAdapter.context.AdaptationManager" />
61-->src\main\AndroidManifest.xml:30:9-70
61-->src\main\AndroidManifest.xml:30:18-59
62    </application>
63
64</manifest>